<?xml version="1.0" encoding="UTF-8"?>
<!-- Generated by org.testng.reporters.JUnitReportReporter -->
<testsuite hostname="DFW22AAA081819" failures="0" tests="3" name="fileReading.MultiThreadingReadingFiles" time="0.054" errors="0" timestamp="2021-10-11T16:34:54 CDT" skipped="0">
  <testcase classname="fileReading.MultiThreadingReadingFiles" name="readFile" time="0.020"/>
  <system-out/>
  <testcase classname="fileReading.MultiThreadingReadingFiles" name="readFile" time="0.015"/>
  <system-out/>
  <testcase classname="fileReading.MultiThreadingReadingFiles" name="readFile" time="0.019"/>
  <system-out/>
</testsuite> <!-- fileReading.MultiThreadingReadingFiles -->
